2024-02-28 08:30:24.640 [info] Reading sessions from keychain...
2024-02-28 08:30:24.640 [info] Getting sessions for all scopes...
2024-02-28 08:30:24.725 [info] Got 0 sessions for ...
2024-02-28 08:30:24.726 [info] Getting sessions for all scopes...
2024-02-28 08:30:24.726 [info] Got 0 sessions for ...
2024-02-28 08:30:24.730 [info] Getting sessions for project,read:org,read:user,repo,user:email,workflow...
2024-02-28 08:30:24.730 [info] Got 0 sessions for project,read:org,read:user,repo,user:email,workflow...
2024-02-28 08:30:24.731 [info] Getting sessions for read:user,repo,user:email,workflow...
2024-02-28 08:30:24.731 [info] Got 0 sessions for read:user,repo,user:email,workflow...
2024-02-28 08:30:24.732 [info] Getting sessions for read:user,repo,user:email...
2024-02-28 08:30:24.732 [info] Got 0 sessions for read:user,repo,user:email...
2024-02-28 08:30:24.732 [info] Getting sessions for read:user,repo,user:email,workflow...
2024-02-28 08:30:24.732 [info] Got 0 sessions for read:user,repo,user:email,workflow...
2024-02-28 08:30:32.815 [info] Logging in for the following scopes: read:user repo user:email workflow
2024-02-28 08:30:32.819 [info] Trying device code flow... (read:user repo user:email workflow)
2024-02-28 08:30:48.105 [info] Getting user info...
2024-02-28 08:30:48.425 [info] Got account info!
2024-02-28 08:30:48.425 [info] Storing 1 sessions...
2024-02-28 08:30:54.086 [info] Reading sessions from keychain...
2024-02-28 08:30:54.086 [info] Stored 1 sessions!
2024-02-28 08:30:54.086 [info] Login success!
2024-02-28 08:30:54.093 [info] Got stored sessions!
2024-02-28 08:30:54.093 [info] Got 1 verified sessions.
2024-02-28 08:30:54.111 [info] Getting sessions for project,read:org,read:user,repo,user:email,workflow...
2024-02-28 08:30:54.111 [info] Got 0 sessions for project,read:org,read:user,repo,user:email,workflow...
2024-02-28 08:30:54.113 [info] Getting sessions for read:user,repo,user:email,workflow...
2024-02-28 08:30:54.113 [info] Got 1 sessions for read:user,repo,user:email,workflow...
